2026-03-02 14:56:41 INFO  AnnotationConfigContextLoaderUtils - Could not detect default configuration classes for test class [com.rev.app.repository.IFavoriteRepositoryTest]: IFavoriteRepositoryTest does not declare any static, non-private, non-final, nested classes annotated with @Configuration.
2026-03-02 14:56:42 INFO  SpringBootTestContextBootstrapper - Found @SpringBootConfiguration com.rev.app.RevshopP2Application for test class com.rev.app.repository.IFavoriteRepositoryTest
2026-03-02 14:56:42 INFO  RestartApplicationListener - Restart disabled due to context in which it is running
2026-03-02 14:56:42 INFO  IFavoriteRepositoryTest - Starting IFavoriteRepositoryTest using Java 23.0.1 with PID 15584 (started by kiran kumar in D:\Project-2\Revshop_P2)
2026-03-02 14:56:42 DEBUG IFavoriteRepositoryTest - Running with Spring Boot v3.3.5, Spring v6.1.14
2026-03-02 14:56:42 INFO  IFavoriteRepositoryTest - The following 1 profile is active: "test"
2026-03-02 14:56:43 INFO  RepositoryConfigurationDelegate - Bootstrapping Spring Data JPA repositories in DEFAULT mode.
2026-03-02 14:56:43 INFO  RepositoryConfigurationDelegate - Finished Spring Data repository scanning in 89 ms. Found 15 JPA repository interfaces.
2026-03-02 14:56:43 INFO  TestDatabaseAutoConfiguration$EmbeddedDataSourceBeanFactoryPostProcessor - Replacing 'dataSource' DataSource bean with embedded version
2026-03-02 14:56:44 INFO  EmbeddedDatabaseFactory - Starting embedded database: url='jdbc:h2:mem:aec46d45-bcc3-4e6f-9f67-8f4d049121e0;DB_CLOSE_DELAY=-1;DB_CLOSE_ON_EXIT=false', username='sa'
2026-03-02 14:56:45 INFO  SpringPersistenceUnitInfo - No LoadTimeWeaver setup: ignoring JPA class transformer
2026-03-02 14:56:45 WARN  deprecation - HHH90000025: H2Dialect does not need to be specified explicitly using 'hibernate.dialect' (remove the property setting and it will be selected by default)
2026-03-02 14:56:47 DEBUG SQL - 
    drop table if exists addresses cascade 
2026-03-02 14:56:47 DEBUG SQL - 
    drop table if exists cart_items cascade 
2026-03-02 14:56:47 DEBUG SQL - 
    drop table if exists carts cascade 
2026-03-02 14:56:47 DEBUG SQL - 
    drop table if exists categories cascade 
2026-03-02 14:56:47 DEBUG SQL - 
    drop table if exists favorites cascade 
2026-03-02 14:56:47 DEBUG SQL - 
    drop table if exists notifications cascade 
2026-03-02 14:56:47 DEBUG SQL - 
    drop table if exists order_items cascade 
2026-03-02 14:56:47 DEBUG SQL - 
    drop table if exists order_status_history cascade 
2026-03-02 14:56:47 DEBUG SQL - 
    drop table if exists orders cascade 
2026-03-02 14:56:47 DEBUG SQL - 
    drop table if exists password_recovery cascade 
2026-03-02 14:56:47 DEBUG SQL - 
    drop table if exists payments cascade 
2026-03-02 14:56:47 DEBUG SQL - 
    drop table if exists products cascade 
2026-03-02 14:56:47 DEBUG SQL - 
    drop table if exists reviews cascade 
2026-03-02 14:56:47 DEBUG SQL - 
    drop table if exists sellers cascade 
2026-03-02 14:56:47 DEBUG SQL - 
    drop table if exists users cascade 
2026-03-02 14:56:47 DEBUG SQL - 
    create table addresses (
        address_id integer generated by default as identity,
        user_id integer,
        created_at timestamp(6),
        address_type varchar(20),
        phone varchar(20),
        postal_code varchar(20),
        city varchar(80),
        country varchar(80),
        state varchar(80),
        full_name varchar(120),
        address_line1 varchar(200),
        address_line2 varchar(200),
        primary key (address_id)
    )
2026-03-02 14:56:47 DEBUG SQL - 
    create table cart_items (
        cart_id integer,
        cart_item_id integer generated by default as identity,
        product_id integer,
        quantity integer not null,
        added_at timestamp(6),
        primary key (cart_item_id)
    )
2026-03-02 14:56:47 DEBUG SQL - 
    create table carts (
        cart_id integer generated by default as identity,
        user_id integer unique,
        created_at timestamp(6),
        primary key (cart_id)
    )
2026-03-02 14:56:47 DEBUG SQL - 
    create table categories (
        category_id integer generated by default as identity,
        name varchar(100) not null,
        description varchar(255),
        primary key (category_id)
    )
2026-03-02 14:56:47 DEBUG SQL - 
    create table favorites (
        favorite_id integer generated by default as identity,
        product_id integer,
        user_id integer,
        created_at timestamp(6),
        primary key (favorite_id)
    )
2026-03-02 14:56:47 DEBUG SQL - 
    create table notifications (
        is_read boolean,
        notification_id integer generated by default as identity,
        user_id integer,
        created_at timestamp(6),
        type varchar(30),
        title varchar(150),
        message clob,
        primary key (notification_id)
    )
2026-03-02 14:56:47 DEBUG SQL - 
    create table order_items (
        order_id integer,
        order_item_id integer generated by default as identity,
        product_id integer,
        quantity integer,
        seller_id integer,
        subtotal numeric(12,2),
        unit_price numeric(10,2),
        primary key (order_item_id)
    )
2026-03-02 14:56:47 DEBUG SQL - 
    create table order_status_history (
        history_id integer generated by default as identity,
        order_id integer,
        updated_at timestamp(6),
        status varchar(30),
        remarks varchar(500),
        updated_by varchar(255),
        primary key (history_id)
    )
2026-03-02 14:56:47 DEBUG SQL - 
    create table orders (
        billing_address_id integer,
        order_id integer generated by default as identity,
        shipping_address_id integer,
        total_amount numeric(12,2),
        user_id integer,
        order_date timestamp(6),
        status_updated_at timestamp(6),
        status varchar(30),
        updated_by varchar(255),
        primary key (order_id)
    )
2026-03-02 14:56:47 DEBUG SQL - 
    create table password_recovery (
        is_used boolean not null,
        recovery_id integer generated by default as identity,
        user_id integer not null,
        created_at timestamp(6),
        expires_at timestamp(6) not null,
        token varchar(255) not null unique,
        primary key (recovery_id)
    )
2026-03-02 14:56:47 DEBUG SQL - 
    create table payments (
        amount numeric(12,2),
        order_id integer unique,
        payment_id integer generated by default as identity,
        paid_at timestamp(6),
        method varchar(30),
        payment_status varchar(30),
        primary key (payment_id)
    )
2026-03-02 14:56:47 DEBUG SQL - 
    create table products (
        category_id integer,
        discount_price numeric(10,2),
        is_active boolean,
        mrp numeric(10,2),
        price numeric(10,2) not null,
        product_id integer generated by default as identity,
        seller_id integer,
        stock_quantity integer not null,
        stock_threshold integer,
        created_at timestamp(6),
        updated_at timestamp(6),
        name varchar(150) not null,
        image_url varchar(500),
        description CLOB,
        primary key (product_id)
    )
2026-03-02 14:56:47 DEBUG SQL - 
    create table reviews (
        product_id integer,
        rating integer,
        review_id integer generated by default as identity,
        user_id integer,
        created_at timestamp(6),
        review_text CLOB,
        primary key (review_id)
    )
2026-03-02 14:56:47 DEBUG SQL - 
    create table sellers (
        seller_id integer generated by default as identity,
        total_revenue numeric(15,2),
        user_id integer unique,
        created_at timestamp(6),
        gst_number varchar(50),
        business_name varchar(150),
        address varchar(255),
        primary key (seller_id)
    )
2026-03-02 14:56:47 DEBUG SQL - 
    create table users (
        user_id integer generated by default as identity,
        created_at timestamp(6),
        updated_at timestamp(6),
        phone varchar(20),
        role varchar(20) not null,
        name varchar(100) not null,
        email varchar(120) not null unique,
        security_answer varchar(200),
        security_question varchar(200),
        password_hash varchar(255) not null,
        primary key (user_id)
    )
2026-03-02 14:56:47 DEBUG SQL - 
    alter table if exists addresses 
       add constraint FK1fa36y2oqhao3wgg2rw1pi459 
       foreign key (user_id) 
       references users
2026-03-02 14:56:47 DEBUG SQL - 
    alter table if exists cart_items 
       add constraint FKpcttvuq4mxppo8sxggjtn5i2c 
       foreign key (cart_id) 
       references carts
2026-03-02 14:56:47 DEBUG SQL - 
    alter table if exists cart_items 
       add constraint FK1re40cjegsfvw58xrkdp6bac6 
       foreign key (product_id) 
       references products
2026-03-02 14:56:47 DEBUG SQL - 
    alter table if exists carts 
       add constraint FKb5o626f86h46m4s7ms6ginnop 
       foreign key (user_id) 
       references users
2026-03-02 14:56:47 DEBUG SQL - 
    alter table if exists favorites 
       add constraint FK6sgu5npe8ug4o42bf9j71x20c 
       foreign key (product_id) 
       references products
2026-03-02 14:56:47 DEBUG SQL - 
    alter table if exists favorites 
       add constraint FKk7du8b8ewipawnnpg76d55fus 
       foreign key (user_id) 
       references users
2026-03-02 14:56:47 DEBUG SQL - 
    alter table if exists notifications 
       add constraint FK9y21adhxn0ayjhfocscqox7bh 
       foreign key (user_id) 
       references users
2026-03-02 14:56:47 DEBUG SQL - 
    alter table if exists order_items 
       add constraint FKbioxgbv59vetrxe0ejfubep1w 
       foreign key (order_id) 
       references orders
2026-03-02 14:56:47 DEBUG SQL - 
    alter table if exists order_items 
       add constraint FKocimc7dtr037rh4ls4l95nlfi 
       foreign key (product_id) 
       references products
2026-03-02 14:56:47 DEBUG SQL - 
    alter table if exists order_items 
       add constraint FK122hh8jwo7aj2omj1x6vrej9s 
       foreign key (seller_id) 
       references sellers
2026-03-02 14:56:47 DEBUG SQL - 
    alter table if exists order_status_history 
       add constraint FKnmcbg3mmbt8wfva97ra40nmp3 
       foreign key (order_id) 
       references orders
2026-03-02 14:56:47 DEBUG SQL - 
    alter table if exists orders 
       add constraint FK66jolu65brloux12yi37qy3ky 
       foreign key (billing_address_id) 
       references addresses
2026-03-02 14:56:47 DEBUG SQL - 
    alter table if exists orders 
       add constraint FKmk6q95x8ffidq82wlqjaq7sqc 
       foreign key (shipping_address_id) 
       references addresses
2026-03-02 14:56:47 DEBUG SQL - 
    alter table if exists orders 
       add constraint FK32ql8ubntj5uh44ph9659tiih 
       foreign key (user_id) 
       references users
2026-03-02 14:56:47 DEBUG SQL - 
    alter table if exists password_recovery 
       add constraint FKe8rvirgchpmurh9y9sq1rkxsd 
       foreign key (user_id) 
       references users
2026-03-02 14:56:47 DEBUG SQL - 
    alter table if exists payments 
       add constraint FK81gagumt0r8y3rmudcgpbk42l 
       foreign key (order_id) 
       references orders
2026-03-02 14:56:47 DEBUG SQL - 
    alter table if exists products 
       add constraint FKog2rp4qthbtt2lfyhfo32lsw9 
       foreign key (category_id) 
       references categories
2026-03-02 14:56:47 DEBUG SQL - 
    alter table if exists products 
       add constraint FKepbha8uixgrmnejm27n6e1kkd 
       foreign key (seller_id) 
       references sellers
2026-03-02 14:56:47 DEBUG SQL - 
    alter table if exists reviews 
       add constraint FKpl51cejpw4gy5swfar8br9ngi 
       foreign key (product_id) 
       references products
2026-03-02 14:56:47 DEBUG SQL - 
    alter table if exists reviews 
       add constraint FKcgy7qjc1r99dp117y9en6lxye 
       foreign key (user_id) 
       references users
2026-03-02 14:56:47 DEBUG SQL - 
    alter table if exists sellers 
       add constraint FKjnqi0k1rlkb8h3fus7f5wfqd1 
       foreign key (user_id) 
       references users
2026-03-02 14:56:47 INFO  LocalContainerEntityManagerFactoryBean - Initialized JPA EntityManagerFactory for persistence unit 'default'
2026-03-02 14:56:47 INFO  SecurityConfig - SecurityConfig initialized
2026-03-02 14:56:47 DEBUG SecurityConfig - AuthenticationProvider configured with DaoAuthenticationProvider
2026-03-02 14:56:47 INFO  InitializeAuthenticationProviderBeanManagerConfigurer$InitializeAuthenticationProviderManagerConfigurer - Global AuthenticationManager configured with AuthenticationProvider bean with name authenticationProvider
2026-03-02 14:56:47 WARN  InitializeUserDetailsBeanManagerConfigurer$InitializeUserDetailsManagerConfigurer - Global AuthenticationManager configured with an AuthenticationProvider bean. UserDetailsService beans will not be used for username/password login. Consider removing the AuthenticationProvider bean. Alternatively, consider using the UserDetailsService in a manually instantiated DaoAuthenticationProvider.
2026-03-02 14:56:48 INFO  QueryEnhancerFactory - Hibernate is in classpath; If applicable, HQL parser will be used.
2026-03-02 14:56:49 INFO  SecurityConfig - Configuring API Security Filter Chain
2026-03-02 14:56:49 INFO  SecurityConfig - Configuring Web Security Filter Chain
2026-03-02 14:56:49 INFO  IFavoriteRepositoryTest - Started IFavoriteRepositoryTest in 7.476 seconds (process running for 10.686)
2026-03-02 14:56:49 DEBUG SQL - 
    select
        c1_0.category_id 
    from
        categories c1_0 
    where
        c1_0.name=? 
    fetch
        first ? rows only
2026-03-02 14:56:50 DEBUG SQL - 
    insert 
    into
        categories
        (description, name, category_id) 
    values
        (?, ?, default)
2026-03-02 14:56:50 INFO  DataSeeder - Seeded category: Electronics
2026-03-02 14:56:50 DEBUG SQL - 
    select
        c1_0.category_id 
    from
        categories c1_0 
    where
        c1_0.name=? 
    fetch
        first ? rows only
2026-03-02 14:56:50 DEBUG SQL - 
    insert 
    into
        categories
        (description, name, category_id) 
    values
        (?, ?, default)
2026-03-02 14:56:50 INFO  DataSeeder - Seeded category: Clothing
2026-03-02 14:56:50 DEBUG SQL - 
    select
        c1_0.category_id 
    from
        categories c1_0 
    where
        c1_0.name=? 
    fetch
        first ? rows only
2026-03-02 14:56:50 DEBUG SQL - 
    insert 
    into
        categories
        (description, name, category_id) 
    values
        (?, ?, default)
2026-03-02 14:56:50 INFO  DataSeeder - Seeded category: Home & Kitchen
2026-03-02 14:56:50 DEBUG SQL - 
    select
        c1_0.category_id 
    from
        categories c1_0 
    where
        c1_0.name=? 
    fetch
        first ? rows only
2026-03-02 14:56:50 DEBUG SQL - 
    insert 
    into
        categories
        (description, name, category_id) 
    values
        (?, ?, default)
2026-03-02 14:56:50 INFO  DataSeeder - Seeded category: Books
2026-03-02 14:56:50 DEBUG SQL - 
    select
        c1_0.category_id 
    from
        categories c1_0 
    where
        c1_0.name=? 
    fetch
        first ? rows only
2026-03-02 14:56:50 DEBUG SQL - 
    insert 
    into
        categories
        (description, name, category_id) 
    values
        (?, ?, default)
2026-03-02 14:56:50 INFO  DataSeeder - Seeded category: Sports
2026-03-02 14:56:50 DEBUG SQL - 
    select
        c1_0.category_id 
    from
        categories c1_0 
    where
        c1_0.name=? 
    fetch
        first ? rows only
2026-03-02 14:56:50 DEBUG SQL - 
    insert 
    into
        categories
        (description, name, category_id) 
    values
        (?, ?, default)
2026-03-02 14:56:50 INFO  DataSeeder - Seeded category: Beauty & Health
2026-03-02 14:56:50 DEBUG SQL - 
    select
        c1_0.category_id 
    from
        categories c1_0 
    where
        c1_0.name=? 
    fetch
        first ? rows only
2026-03-02 14:56:50 DEBUG SQL - 
    insert 
    into
        categories
        (description, name, category_id) 
    values
        (?, ?, default)
2026-03-02 14:56:50 INFO  DataSeeder - Seeded category: Toys & Games
2026-03-02 14:56:50 DEBUG SQL - 
    select
        c1_0.category_id 
    from
        categories c1_0 
    where
        c1_0.name=? 
    fetch
        first ? rows only
2026-03-02 14:56:50 DEBUG SQL - 
    insert 
    into
        categories
        (description, name, category_id) 
    values
        (?, ?, default)
2026-03-02 14:56:50 INFO  DataSeeder - Seeded category: Automotive
2026-03-02 14:56:50 DEBUG SQL - 
    select
        c1_0.category_id 
    from
        categories c1_0 
    where
        c1_0.name=? 
    fetch
        first ? rows only
2026-03-02 14:56:50 DEBUG SQL - 
    insert 
    into
        categories
        (description, name, category_id) 
    values
        (?, ?, default)
2026-03-02 14:56:50 INFO  DataSeeder - Seeded category: Grocery
2026-03-02 14:56:50 DEBUG SQL - 
    select
        c1_0.category_id 
    from
        categories c1_0 
    where
        c1_0.name=? 
    fetch
        first ? rows only
2026-03-02 14:56:50 DEBUG SQL - 
    insert 
    into
        categories
        (description, name, category_id) 
    values
        (?, ?, default)
2026-03-02 14:56:50 INFO  DataSeeder - Seeded category: Pet Supplies
2026-03-02 14:56:50 DEBUG SQL - 
    select
        c1_0.category_id 
    from
        categories c1_0 
    where
        c1_0.name=? 
    fetch
        first ? rows only
2026-03-02 14:56:50 DEBUG SQL - 
    insert 
    into
        categories
        (description, name, category_id) 
    values
        (?, ?, default)
2026-03-02 14:56:50 INFO  DataSeeder - Seeded category: Jewellery
2026-03-02 14:56:50 DEBUG SQL - 
    select
        u1_0.user_id,
        u1_0.created_at,
        u1_0.email,
        u1_0.name,
        u1_0.password_hash,
        u1_0.phone,
        u1_0.role,
        u1_0.security_answer,
        u1_0.security_question,
        u1_0.updated_at 
    from
        users u1_0
2026-03-02 14:56:51 DEBUG SQL - 
    insert 
    into
        users
        (created_at, email, name, password_hash, phone, role, security_answer, security_question, updated_at, user_id) 
    values
        (?, ?, ?, ?, ?, ?, ?, ?, ?, default)
2026-03-02 14:56:51 DEBUG SQL - 
    insert 
    into
        products
        (category_id, created_at, description, discount_price, image_url, is_active, mrp, name, price, seller_id, stock_quantity, stock_threshold, updated_at, product_id) 
    values
        (?, ?, ?, ?, ?, ?, ?, ?, ?, ?, ?, ?, ?, default)
2026-03-02 14:56:51 DEBUG SQL - 
    insert 
    into
        favorites
        (created_at, product_id, user_id, favorite_id) 
    values
        (?, ?, ?, default)
2026-03-02 14:56:51 DEBUG SQL - 
    select
        f1_0.favorite_id,
        f1_0.created_at,
        f1_0.product_id,
        f1_0.user_id 
    from
        favorites f1_0 
    where
        f1_0.product_id=?
2026-03-02 14:56:51 DEBUG SQL - 
    insert 
    into
        users
        (created_at, email, name, password_hash, phone, role, security_answer, security_question, updated_at, user_id) 
    values
        (?, ?, ?, ?, ?, ?, ?, ?, ?, default)
2026-03-02 14:56:51 DEBUG SQL - 
    insert 
    into
        products
        (category_id, created_at, description, discount_price, image_url, is_active, mrp, name, price, seller_id, stock_quantity, stock_threshold, updated_at, product_id) 
    values
        (?, ?, ?, ?, ?, ?, ?, ?, ?, ?, ?, ?, ?, default)
2026-03-02 14:56:51 DEBUG SQL - 
    insert 
    into
        favorites
        (created_at, product_id, user_id, favorite_id) 
    values
        (?, ?, ?, default)
2026-03-02 14:56:51 DEBUG SQL - 
    select
        f1_0.favorite_id,
        f1_0.created_at,
        f1_0.product_id,
        f1_0.user_id 
    from
        favorites f1_0 
    where
        f1_0.user_id=?
2026-03-02 14:56:52 INFO  MockServletContext - Initializing Spring TestDispatcherServlet ''
2026-03-02 14:56:52 INFO  TestDispatcherServlet - Initializing Servlet ''
2026-03-02 14:56:52 INFO  TestDispatcherServlet - Completed initialization in 3 ms
2026-03-02 14:56:52 INFO  MockServletContext - Initializing Spring TestDispatcherServlet ''
2026-03-02 14:56:52 INFO  TestDispatcherServlet - Initializing Servlet ''
2026-03-02 14:56:52 INFO  TestDispatcherServlet - Completed initialization in 0 ms
2026-03-02 14:56:52 DEBUG CategoryServiceImpl - Fetching all categories
2026-03-02 14:56:52 DEBUG UserServiceImpl - Fetching user by ID: 1
2026-03-02 14:56:52 DEBUG UserServiceImpl - Fetching user by email: nonexistent@example.com
2026-03-02 14:56:52 DEBUG UserServiceImpl - Fetching user by ID: 99
2026-03-02 14:56:52 DEBUG UserServiceImpl - Fetching user by email: test@example.com
2026-03-02 14:56:53 INFO  CartServiceImpl - Product ID: 1 added to cart for user ID: 1
2026-03-02 14:56:53 INFO  AnnotationConfigContextLoaderUtils - Could not detect default configuration classes for test class [com.rev.app.repository.IOrderRepositoryTest]: IOrderRepositoryTest does not declare any static, non-private, non-final, nested classes annotated with @Configuration.
2026-03-02 14:56:53 INFO  SpringBootTestContextBootstrapper - Found @SpringBootConfiguration com.rev.app.RevshopP2Application for test class com.rev.app.repository.IOrderRepositoryTest
2026-03-02 14:56:53 DEBUG SQL - 
    insert 
    into
        users
        (created_at, email, name, password_hash, phone, role, security_answer, security_question, updated_at, user_id) 
    values
        (?, ?, ?, ?, ?, ?, ?, ?, ?, default)
2026-03-02 14:56:53 DEBUG SQL - 
    insert 
    into
        orders
        (billing_address_id, order_date, shipping_address_id, status, status_updated_at, total_amount, updated_by, user_id, order_id) 
    values
        (?, ?, ?, ?, ?, ?, ?, ?, default)
2026-03-02 14:56:53 DEBUG SQL - 
    select
        o1_0.order_id,
        o1_0.billing_address_id,
        o1_0.order_date,
        o1_0.shipping_address_id,
        o1_0.status,
        o1_0.status_updated_at,
        o1_0.total_amount,
        o1_0.updated_by,
        o1_0.user_id 
    from
        orders o1_0 
    where
        o1_0.status=?
2026-03-02 14:56:53 DEBUG SQL - 
    insert 
    into
        users
        (created_at, email, name, password_hash, phone, role, security_answer, security_question, updated_at, user_id) 
    values
        (?, ?, ?, ?, ?, ?, ?, ?, ?, default)
2026-03-02 14:56:53 DEBUG SQL - 
    insert 
    into
        orders
        (billing_address_id, order_date, shipping_address_id, status, status_updated_at, total_amount, updated_by, user_id, order_id) 
    values
        (?, ?, ?, ?, ?, ?, ?, ?, default)
2026-03-02 14:56:53 DEBUG SQL - 
    select
        o1_0.order_id,
        o1_0.billing_address_id,
        o1_0.order_date,
        o1_0.shipping_address_id,
        o1_0.status,
        o1_0.status_updated_at,
        o1_0.total_amount,
        o1_0.updated_by,
        o1_0.user_id 
    from
        orders o1_0 
    where
        o1_0.user_id=?
2026-03-02 14:56:53 DEBUG SQL - 
    insert 
    into
        users
        (created_at, email, name, password_hash, phone, role, security_answer, security_question, updated_at, user_id) 
    values
        (?, ?, ?, ?, ?, ?, ?, ?, ?, default)
2026-03-02 14:56:53 DEBUG SQL - 
    insert 
    into
        orders
        (billing_address_id, order_date, shipping_address_id, status, status_updated_at, total_amount, updated_by, user_id, order_id) 
    values
        (?, ?, ?, ?, ?, ?, ?, ?, default)
2026-03-02 14:56:53 DEBUG SQL - 
    select
        o1_0.order_id,
        o1_0.billing_address_id,
        o1_0.order_date,
        o1_0.shipping_address_id,
        o1_0.status,
        o1_0.status_updated_at,
        o1_0.total_amount,
        o1_0.updated_by,
        o1_0.user_id 
    from
        orders o1_0 
    where
        o1_0.user_id=? 
    fetch
        first ? rows only
2026-03-02 14:56:53 DEBUG NotificationServiceImpl - Notification marked as read: ID 1
2026-03-02 14:56:53 INFO  NotificationServiceImpl - Notification created for User ID: 1, Type: TYPE, Title: Title
2026-03-02 14:56:53 INFO  PasswordRecoveryServiceImpl - [PASSWORD RECOVERY] Token for test@example.com: 980d7d10-4a40-4638-b516-bab5904a1203
2026-03-02 14:56:53 INFO  MockServletContext - Initializing Spring TestDispatcherServlet ''
2026-03-02 14:56:53 INFO  TestDispatcherServlet - Initializing Servlet ''
2026-03-02 14:56:53 INFO  TestDispatcherServlet - Completed initialization in 0 ms
2026-03-02 14:56:53 INFO  AddressController - Creating new address for User ID: 1
2026-03-02 14:56:53 INFO  MockServletContext - Initializing Spring TestDispatcherServlet ''
2026-03-02 14:56:53 INFO  TestDispatcherServlet - Initializing Servlet ''
2026-03-02 14:56:53 INFO  TestDispatcherServlet - Completed initialization in 0 ms
2026-03-02 14:56:53 INFO  MockServletContext - Initializing Spring TestDispatcherServlet ''
2026-03-02 14:56:53 INFO  TestDispatcherServlet - Initializing Servlet ''
2026-03-02 14:56:53 INFO  TestDispatcherServlet - Completed initialization in 0 ms
2026-03-02 14:56:54 INFO  OrderServiceImpl - Order ID: 1 status updated from PENDING to SHIPPED by null (ROLE_SELLER)
2026-03-02 14:56:54 INFO  OrderServiceImpl - Order placed successfully. Order ID: 1, User: null, Total: 180.00
2026-03-02 14:56:54 INFO  MockServletContext - Initializing Spring TestDispatcherServlet ''
2026-03-02 14:56:54 INFO  TestDispatcherServlet - Initializing Servlet ''
2026-03-02 14:56:54 INFO  TestDispatcherServlet - Completed initialization in 0 ms
2026-03-02 14:56:54 INFO  MockServletContext - Initializing Spring TestDispatcherServlet ''
2026-03-02 14:56:54 INFO  TestDispatcherServlet - Initializing Servlet ''
2026-03-02 14:56:54 INFO  TestDispatcherServlet - Completed initialization in 0 ms
2026-03-02 14:56:54 INFO  ProductServiceImpl - New product created: Smartphone (ID: 1) by Seller ID: 1
2026-03-02 14:56:54 INFO  AuthServiceImpl - New user registered: test@example.com with role: ROLE_BUYER
2026-03-02 14:56:54 INFO  AuthServiceImpl - Password reset successfully for user: test@example.com
2026-03-02 14:56:54 INFO  AuthServiceImpl - New user registered: test@example.com with role: ROLE_SELLER
2026-03-02 14:56:54 INFO  AuthServiceImpl - User logged in successfully: test@example.com
2026-03-02 14:56:54 WARN  AuthServiceImpl - Registration failed: Email test@example.com already exists
2026-03-02 14:56:54 INFO  AddressServiceImpl - Address deleted: ID 1
2026-03-02 14:56:54 INFO  AddressServiceImpl - Address created for User ID: 1, Address ID: null
2026-03-02 14:56:54 INFO  AnnotationConfigContextLoaderUtils - Could not detect default configuration classes for test class [com.rev.app.repository.IAddressRepositoryTest]: IAddressRepositoryTest does not declare any static, non-private, non-final, nested classes annotated with @Configuration.
2026-03-02 14:56:54 INFO  SpringBootTestContextBootstrapper - Found @SpringBootConfiguration com.rev.app.RevshopP2Application for test class com.rev.app.repository.IAddressRepositoryTest
2026-03-02 14:56:54 DEBUG SQL - 
    insert 
    into
        users
        (created_at, email, name, password_hash, phone, role, security_answer, security_question, updated_at, user_id) 
    values
        (?, ?, ?, ?, ?, ?, ?, ?, ?, default)
2026-03-02 14:56:54 DEBUG SQL - 
    insert 
    into
        addresses
        (address_line1, address_line2, address_type, city, country, created_at, full_name, phone, postal_code, state, user_id, address_id) 
    values
        (?, ?, ?, ?, ?, ?, ?, ?, ?, ?, ?, default)
2026-03-02 14:56:54 DEBUG SQL - 
    select
        a1_0.address_id,
        a1_0.address_line1,
        a1_0.address_line2,
        a1_0.address_type,
        a1_0.city,
        a1_0.country,
        a1_0.created_at,
        a1_0.full_name,
        a1_0.phone,
        a1_0.postal_code,
        a1_0.state,
        a1_0.user_id 
    from
        addresses a1_0 
    where
        a1_0.user_id=?
2026-03-02 14:56:54 INFO  AnnotationConfigContextLoaderUtils - Could not detect default configuration classes for test class [com.rev.app.repository.IProductRepositoryTest]: IProductRepositoryTest does not declare any static, non-private, non-final, nested classes annotated with @Configuration.
2026-03-02 14:56:54 INFO  SpringBootTestContextBootstrapper - Found @SpringBootConfiguration com.rev.app.RevshopP2Application for test class com.rev.app.repository.IProductRepositoryTest
2026-03-02 14:56:54 DEBUG SQL - 
    insert 
    into
        sellers
        (address, business_name, created_at, gst_number, total_revenue, user_id, seller_id) 
    values
        (?, ?, ?, ?, ?, ?, default)
2026-03-02 14:56:54 DEBUG SQL - 
    insert 
    into
        categories
        (description, name, category_id) 
    values
        (?, ?, default)
2026-03-02 14:56:54 DEBUG SQL - 
    insert 
    into
        products
        (category_id, created_at, description, discount_price, image_url, is_active, mrp, name, price, seller_id, stock_quantity, stock_threshold, updated_at, product_id) 
    values
        (?, ?, ?, ?, ?, ?, ?, ?, ?, ?, ?, ?, ?, default)
2026-03-02 14:56:54 DEBUG SQL - 
    insert 
    into
        products
        (category_id, created_at, description, discount_price, image_url, is_active, mrp, name, price, seller_id, stock_quantity, stock_threshold, updated_at, product_id) 
    values
        (?, ?, ?, ?, ?, ?, ?, ?, ?, ?, ?, ?, ?, default)
2026-03-02 14:56:54 DEBUG SQL - 
    select
        p1_0.product_id,
        p1_0.category_id,
        p1_0.created_at,
        p1_0.description,
        p1_0.discount_price,
        p1_0.image_url,
        p1_0.is_active,
        p1_0.mrp,
        p1_0.name,
        p1_0.price,
        p1_0.seller_id,
        p1_0.stock_quantity,
        p1_0.stock_threshold,
        p1_0.updated_at 
    from
        products p1_0 
    where
        upper(p1_0.name) like upper(?) escape '\'
2026-03-02 14:56:54 DEBUG SQL - 
    insert 
    into
        sellers
        (address, business_name, created_at, gst_number, total_revenue, user_id, seller_id) 
    values
        (?, ?, ?, ?, ?, ?, default)
2026-03-02 14:56:54 DEBUG SQL - 
    insert 
    into
        categories
        (description, name, category_id) 
    values
        (?, ?, default)
2026-03-02 14:56:54 DEBUG SQL - 
    insert 
    into
        products
        (category_id, created_at, description, discount_price, image_url, is_active, mrp, name, price, seller_id, stock_quantity, stock_threshold, updated_at, product_id) 
    values
        (?, ?, ?, ?, ?, ?, ?, ?, ?, ?, ?, ?, ?, default)
2026-03-02 14:56:54 DEBUG SQL - 
    insert 
    into
        products
        (category_id, created_at, description, discount_price, image_url, is_active, mrp, name, price, seller_id, stock_quantity, stock_threshold, updated_at, product_id) 
    values
        (?, ?, ?, ?, ?, ?, ?, ?, ?, ?, ?, ?, ?, default)
2026-03-02 14:56:54 DEBUG SQL - 
    select
        p1_0.product_id,
        p1_0.category_id,
        p1_0.created_at,
        p1_0.description,
        p1_0.discount_price,
        p1_0.image_url,
        p1_0.is_active,
        p1_0.mrp,
        p1_0.name,
        p1_0.price,
        p1_0.seller_id,
        p1_0.stock_quantity,
        p1_0.stock_threshold,
        p1_0.updated_at 
    from
        products p1_0 
    where
        p1_0.is_active=true 
        and (
            ? is null 
            or p1_0.category_id=?
        ) 
        and (
            ? is null 
            or p1_0.price>=?
        ) 
        and (
            ? is null 
            or p1_0.price<=?
        ) 
        and (
            ? is null 
            or lower(p1_0.name) like lower(('%'||?||'%')) escape ''
        ) 
        and (
            ? is null 
            or (
                select
                    coalesce(avg(cast(r1_0.rating as float(53))), 0) 
                from
                    reviews r1_0 
                where
                    r1_0.product_id=p1_0.product_id
            )>=?
        ) 
    fetch
        first ? rows only
2026-03-02 14:56:54 DEBUG SQL - 
    insert 
    into
        sellers
        (address, business_name, created_at, gst_number, total_revenue, user_id, seller_id) 
    values
        (?, ?, ?, ?, ?, ?, default)
2026-03-02 14:56:54 DEBUG SQL - 
    insert 
    into
        categories
        (description, name, category_id) 
    values
        (?, ?, default)
2026-03-02 14:56:54 DEBUG SQL - 
    insert 
    into
        products
        (category_id, created_at, description, discount_price, image_url, is_active, mrp, name, price, seller_id, stock_quantity, stock_threshold, updated_at, product_id) 
    values
        (?, ?, ?, ?, ?, ?, ?, ?, ?, ?, ?, ?, ?, default)
2026-03-02 14:56:54 DEBUG SQL - 
    insert 
    into
        products
        (category_id, created_at, description, discount_price, image_url, is_active, mrp, name, price, seller_id, stock_quantity, stock_threshold, updated_at, product_id) 
    values
        (?, ?, ?, ?, ?, ?, ?, ?, ?, ?, ?, ?, ?, default)
2026-03-02 14:56:54 DEBUG SQL - 
    select
        p1_0.product_id,
        p1_0.category_id,
        p1_0.created_at,
        p1_0.description,
        p1_0.discount_price,
        p1_0.image_url,
        p1_0.is_active,
        p1_0.mrp,
        p1_0.name,
        p1_0.price,
        p1_0.seller_id,
        p1_0.stock_quantity,
        p1_0.stock_threshold,
        p1_0.updated_at 
    from
        products p1_0 
    where
        p1_0.category_id=?
2026-03-02 14:56:54 DEBUG SQL - 
    insert 
    into
        sellers
        (address, business_name, created_at, gst_number, total_revenue, user_id, seller_id) 
    values
        (?, ?, ?, ?, ?, ?, default)
2026-03-02 14:56:54 DEBUG SQL - 
    insert 
    into
        categories
        (description, name, category_id) 
    values
        (?, ?, default)
2026-03-02 14:56:54 DEBUG SQL - 
    insert 
    into
        products
        (category_id, created_at, description, discount_price, image_url, is_active, mrp, name, price, seller_id, stock_quantity, stock_threshold, updated_at, product_id) 
    values
        (?, ?, ?, ?, ?, ?, ?, ?, ?, ?, ?, ?, ?, default)
2026-03-02 14:56:55 DEBUG SQL - 
    insert 
    into
        products
        (category_id, created_at, description, discount_price, image_url, is_active, mrp, name, price, seller_id, stock_quantity, stock_threshold, updated_at, product_id) 
    values
        (?, ?, ?, ?, ?, ?, ?, ?, ?, ?, ?, ?, ?, default)
2026-03-02 14:56:55 DEBUG SQL - 
    select
        p1_0.product_id,
        p1_0.category_id,
        p1_0.created_at,
        p1_0.description,
        p1_0.discount_price,
        p1_0.image_url,
        p1_0.is_active,
        p1_0.mrp,
        p1_0.name,
        p1_0.price,
        p1_0.seller_id,
        p1_0.stock_quantity,
        p1_0.stock_threshold,
        p1_0.updated_at 
    from
        products p1_0 
    where
        p1_0.seller_id=?
2026-03-02 14:56:55 DEBUG SQL - 
    insert 
    into
        sellers
        (address, business_name, created_at, gst_number, total_revenue, user_id, seller_id) 
    values
        (?, ?, ?, ?, ?, ?, default)
2026-03-02 14:56:55 DEBUG SQL - 
    insert 
    into
        categories
        (description, name, category_id) 
    values
        (?, ?, default)
2026-03-02 14:56:55 DEBUG SQL - 
    insert 
    into
        products
        (category_id, created_at, description, discount_price, image_url, is_active, mrp, name, price, seller_id, stock_quantity, stock_threshold, updated_at, product_id) 
    values
        (?, ?, ?, ?, ?, ?, ?, ?, ?, ?, ?, ?, ?, default)
2026-03-02 14:56:55 DEBUG SQL - 
    insert 
    into
        products
        (category_id, created_at, description, discount_price, image_url, is_active, mrp, name, price, seller_id, stock_quantity, stock_threshold, updated_at, product_id) 
    values
        (?, ?, ?, ?, ?, ?, ?, ?, ?, ?, ?, ?, ?, default)
2026-03-02 14:56:55 DEBUG SQL - 
    select
        p1_0.product_id,
        p1_0.category_id,
        p1_0.created_at,
        p1_0.description,
        p1_0.discount_price,
        p1_0.image_url,
        p1_0.is_active,
        p1_0.mrp,
        p1_0.name,
        p1_0.price,
        p1_0.seller_id,
        p1_0.stock_quantity,
        p1_0.stock_threshold,
        p1_0.updated_at 
    from
        products p1_0 
    where
        p1_0.is_active=true 
        and (
            ? is null 
            or p1_0.category_id=?
        ) 
        and (
            ? is null 
            or p1_0.price>=?
        ) 
        and (
            ? is null 
            or p1_0.price<=?
        ) 
        and (
            ? is null 
            or lower(p1_0.name) like lower(('%'||?||'%')) escape ''
        ) 
        and (
            ? is null 
            or (
                select
                    coalesce(avg(cast(r1_0.rating as float(53))), 0) 
                from
                    reviews r1_0 
                where
                    r1_0.product_id=p1_0.product_id
            )>=?
        ) 
    fetch
        first ? rows only
2026-03-02 14:56:55 INFO  AnnotationConfigContextLoaderUtils - Could not detect default configuration classes for test class [com.rev.app.repository.IUserRepositoryTest]: IUserRepositoryTest does not declare any static, non-private, non-final, nested classes annotated with @Configuration.
2026-03-02 14:56:55 INFO  SpringBootTestContextBootstrapper - Found @SpringBootConfiguration com.rev.app.RevshopP2Application for test class com.rev.app.repository.IUserRepositoryTest
2026-03-02 14:56:55 DEBUG SQL - 
    insert 
    into
        users
        (created_at, email, name, password_hash, phone, role, security_answer, security_question, updated_at, user_id) 
    values
        (?, ?, ?, ?, ?, ?, ?, ?, ?, default)
2026-03-02 14:56:55 DEBUG SQL - 
    insert 
    into
        users
        (created_at, email, name, password_hash, phone, role, security_answer, security_question, updated_at, user_id) 
    values
        (?, ?, ?, ?, ?, ?, ?, ?, ?, default)
2026-03-02 14:56:55 DEBUG SQL - 
    select
        u1_0.user_id,
        u1_0.created_at,
        u1_0.email,
        u1_0.name,
        u1_0.password_hash,
        u1_0.phone,
        u1_0.role,
        u1_0.security_answer,
        u1_0.security_question,
        u1_0.updated_at 
    from
        users u1_0 
    where
        u1_0.email=?
2026-03-02 14:56:55 DEBUG SQL - 
    select
        u1_0.user_id,
        u1_0.created_at,
        u1_0.email,
        u1_0.name,
        u1_0.password_hash,
        u1_0.phone,
        u1_0.role,
        u1_0.security_answer,
        u1_0.security_question,
        u1_0.updated_at 
    from
        users u1_0 
    where
        u1_0.email=?
2026-03-02 14:56:55 DEBUG SQL - 
    insert 
    into
        users
        (created_at, email, name, password_hash, phone, role, security_answer, security_question, updated_at, user_id) 
    values
        (?, ?, ?, ?, ?, ?, ?, ?, ?, default)
2026-03-02 14:56:55 DEBUG SellerServiceImpl - Fetching products for Seller ID: 1
2026-03-02 14:56:55 INFO  MockServletContext - Initializing Spring TestDispatcherServlet ''
2026-03-02 14:56:55 INFO  TestDispatcherServlet - Initializing Servlet ''
2026-03-02 14:56:55 INFO  TestDispatcherServlet - Completed initialization in 0 ms
2026-03-02 14:56:55 INFO  MockServletContext - Initializing Spring TestDispatcherServlet ''
2026-03-02 14:56:55 INFO  TestDispatcherServlet - Initializing Servlet ''
2026-03-02 14:56:55 INFO  TestDispatcherServlet - Completed initialization in 1 ms
2026-03-02 14:56:55 INFO  AnnotationConfigContextLoaderUtils - Could not detect default configuration classes for test class [com.rev.app.controller.JwtSecurityTest]: JwtSecurityTest does not declare any static, non-private, non-final, nested classes annotated with @Configuration.
2026-03-02 14:56:55 INFO  SpringBootTestContextBootstrapper - Found @SpringBootConfiguration com.rev.app.RevshopP2Application for test class com.rev.app.controller.JwtSecurityTest
2026-03-02 14:56:55 INFO  RestartApplicationListener - Restart disabled due to context in which it is running
2026-03-02 14:56:55 INFO  JwtSecurityTest - Starting JwtSecurityTest using Java 23.0.1 with PID 15584 (started by kiran kumar in D:\Project-2\Revshop_P2)
2026-03-02 14:56:55 DEBUG JwtSecurityTest - Running with Spring Boot v3.3.5, Spring v6.1.14
2026-03-02 14:56:55 INFO  JwtSecurityTest - No active profile set, falling back to 1 default profile: "default"
2026-03-02 14:56:56 INFO  RepositoryConfigurationDelegate - Bootstrapping Spring Data JPA repositories in DEFAULT mode.
2026-03-02 14:56:56 INFO  RepositoryConfigurationDelegate - Finished Spring Data repository scanning in 40 ms. Found 15 JPA repository interfaces.
2026-03-02 14:56:56 INFO  SpringPersistenceUnitInfo - No LoadTimeWeaver setup: ignoring JPA class transformer
2026-03-02 14:56:56 INFO  HikariDataSource - HikariPool-1 - Starting...
2026-03-02 14:56:57 INFO  HikariPool - HikariPool-1 - Added connection oracle.jdbc.driver.T4CConnection@578ddb54
2026-03-02 14:56:57 INFO  HikariDataSource - HikariPool-1 - Start completed.
2026-03-02 14:56:57 WARN  deprecation - HHH90000025: OracleDialect does not need to be specified explicitly using 'hibernate.dialect' (remove the property setting and it will be selected by default)
2026-03-02 14:56:59 INFO  LocalContainerEntityManagerFactoryBean - Initialized JPA EntityManagerFactory for persistence unit 'default'
2026-03-02 14:56:59 INFO  SecurityConfig - SecurityConfig initialized
2026-03-02 14:56:59 DEBUG SecurityConfig - AuthenticationProvider configured with DaoAuthenticationProvider
2026-03-02 14:56:59 INFO  InitializeAuthenticationProviderBeanManagerConfigurer$InitializeAuthenticationProviderManagerConfigurer - Global AuthenticationManager configured with AuthenticationProvider bean with name authenticationProvider
2026-03-02 14:56:59 WARN  InitializeUserDetailsBeanManagerConfigurer$InitializeUserDetailsManagerConfigurer - Global AuthenticationManager configured with an AuthenticationProvider bean. UserDetailsService beans will not be used for username/password login. Consider removing the AuthenticationProvider bean. Alternatively, consider using the UserDetailsService in a manually instantiated DaoAuthenticationProvider.
2026-03-02 14:57:00 WARN  JpaBaseConfiguration$JpaWebConfiguration - spring.jpa.open-in-view is enabled by default. Therefore, database queries may be performed during view rendering. Explicitly configure spring.jpa.open-in-view to disable this warning
2026-03-02 14:57:00 INFO  WelcomePageHandlerMapping - Adding welcome page template: index
2026-03-02 14:57:00 INFO  SecurityConfig - Configuring API Security Filter Chain
2026-03-02 14:57:00 INFO  SecurityConfig - Configuring Web Security Filter Chain
2026-03-02 14:57:00 DEBUG JwtFilter - Filter 'jwtFilter' configured for use
2026-03-02 14:57:00 INFO  SpringBootMockServletContext - Initializing Spring TestDispatcherServlet ''
2026-03-02 14:57:00 INFO  TestDispatcherServlet - Initializing Servlet ''
2026-03-02 14:57:00 INFO  TestDispatcherServlet - Completed initialization in 2 ms
2026-03-02 14:57:00 INFO  JwtSecurityTest - Started JwtSecurityTest in 5.494 seconds (process running for 21.833)
2026-03-02 14:57:00 DEBUG SQL - 
    select
        c1_0.category_id 
    from
        categories c1_0 
    where
        c1_0.name=? 
    fetch
        first ? rows only
2026-03-02 14:57:00 DEBUG SQL - 
    select
        c1_0.category_id 
    from
        categories c1_0 
    where
        c1_0.name=? 
    fetch
        first ? rows only
2026-03-02 14:57:00 DEBUG SQL - 
    select
        c1_0.category_id 
    from
        categories c1_0 
    where
        c1_0.name=? 
    fetch
        first ? rows only
2026-03-02 14:57:00 DEBUG SQL - 
    select
        c1_0.category_id 
    from
        categories c1_0 
    where
        c1_0.name=? 
    fetch
        first ? rows only
2026-03-02 14:57:00 DEBUG SQL - 
    select
        c1_0.category_id 
    from
        categories c1_0 
    where
        c1_0.name=? 
    fetch
        first ? rows only
2026-03-02 14:57:00 DEBUG SQL - 
    select
        c1_0.category_id 
    from
        categories c1_0 
    where
        c1_0.name=? 
    fetch
        first ? rows only
2026-03-02 14:57:00 DEBUG SQL - 
    select
        c1_0.category_id 
    from
        categories c1_0 
    where
        c1_0.name=? 
    fetch
        first ? rows only
2026-03-02 14:57:00 DEBUG SQL - 
    select
        c1_0.category_id 
    from
        categories c1_0 
    where
        c1_0.name=? 
    fetch
        first ? rows only
2026-03-02 14:57:00 DEBUG SQL - 
    select
        c1_0.category_id 
    from
        categories c1_0 
    where
        c1_0.name=? 
    fetch
        first ? rows only
2026-03-02 14:57:00 DEBUG SQL - 
    select
        c1_0.category_id 
    from
        categories c1_0 
    where
        c1_0.name=? 
    fetch
        first ? rows only
2026-03-02 14:57:00 DEBUG SQL - 
    select
        c1_0.category_id 
    from
        categories c1_0 
    where
        c1_0.name=? 
    fetch
        first ? rows only
2026-03-02 14:57:00 DEBUG SQL - 
    select
        u1_0.user_id,
        u1_0.created_at,
        u1_0.email,
        u1_0.name,
        u1_0.password_hash,
        u1_0.phone,
        u1_0.role,
        u1_0.security_answer,
        u1_0.security_question,
        u1_0.updated_at 
    from
        users u1_0
2026-03-02 14:57:00 DEBUG SQL - 
    select
        s1_0.seller_id,
        s1_0.address,
        s1_0.business_name,
        s1_0.created_at,
        s1_0.gst_number,
        s1_0.total_revenue,
        s1_0.user_id 
    from
        sellers s1_0 
    where
        s1_0.user_id=?
2026-03-02 14:57:01 DEBUG SQL - 
    select
        u1_0.user_id,
        u1_0.created_at,
        u1_0.email,
        u1_0.name,
        u1_0.password_hash,
        u1_0.phone,
        u1_0.role,
        u1_0.security_answer,
        u1_0.security_question,
        u1_0.updated_at 
    from
        users u1_0 
    where
        u1_0.user_id=?
2026-03-02 14:57:01 DEBUG SQL - 
    select
        s1_0.seller_id,
        s1_0.address,
        s1_0.business_name,
        s1_0.created_at,
        s1_0.gst_number,
        s1_0.total_revenue,
        s1_0.user_id 
    from
        sellers s1_0 
    where
        s1_0.user_id=?
2026-03-02 14:57:01 DEBUG SQL - 
    select
        u1_0.user_id,
        u1_0.created_at,
        u1_0.email,
        u1_0.name,
        u1_0.password_hash,
        u1_0.phone,
        u1_0.role,
        u1_0.security_answer,
        u1_0.security_question,
        u1_0.updated_at 
    from
        users u1_0 
    where
        u1_0.user_id=?
2026-03-02 14:57:01 DEBUG SQL - 
    select
        s1_0.seller_id,
        s1_0.address,
        s1_0.business_name,
        s1_0.created_at,
        s1_0.gst_number,
        s1_0.total_revenue,
        s1_0.user_id 
    from
        sellers s1_0 
    where
        s1_0.user_id=?
2026-03-02 14:57:01 DEBUG SQL - 
    select
        u1_0.user_id,
        u1_0.created_at,
        u1_0.email,
        u1_0.name,
        u1_0.password_hash,
        u1_0.phone,
        u1_0.role,
        u1_0.security_answer,
        u1_0.security_question,
        u1_0.updated_at 
    from
        users u1_0 
    where
        u1_0.user_id=?
2026-03-02 14:57:01 DEBUG SQL - 
    select
        s1_0.seller_id,
        s1_0.address,
        s1_0.business_name,
        s1_0.created_at,
        s1_0.gst_number,
        s1_0.total_revenue,
        s1_0.user_id 
    from
        sellers s1_0 
    where
        s1_0.user_id=?
2026-03-02 14:57:01 DEBUG SQL - 
    select
        u1_0.user_id,
        u1_0.created_at,
        u1_0.email,
        u1_0.name,
        u1_0.password_hash,
        u1_0.phone,
        u1_0.role,
        u1_0.security_answer,
        u1_0.security_question,
        u1_0.updated_at 
    from
        users u1_0 
    where
        u1_0.user_id=?
2026-03-02 14:57:01 DEBUG SQL - 
    select
        s1_0.seller_id,
        s1_0.address,
        s1_0.business_name,
        s1_0.created_at,
        s1_0.gst_number,
        s1_0.total_revenue,
        s1_0.user_id 
    from
        sellers s1_0 
    where
        s1_0.user_id=?
2026-03-02 14:57:01 DEBUG SQL - 
    select
        u1_0.user_id,
        u1_0.created_at,
        u1_0.email,
        u1_0.name,
        u1_0.password_hash,
        u1_0.phone,
        u1_0.role,
        u1_0.security_answer,
        u1_0.security_question,
        u1_0.updated_at 
    from
        users u1_0 
    where
        u1_0.user_id=?
2026-03-02 14:57:01 DEBUG SQL - 
    select
        s1_0.seller_id,
        s1_0.address,
        s1_0.business_name,
        s1_0.created_at,
        s1_0.gst_number,
        s1_0.total_revenue,
        s1_0.user_id 
    from
        sellers s1_0 
    where
        s1_0.user_id=?
2026-03-02 14:57:01 DEBUG SQL - 
    select
        u1_0.user_id,
        u1_0.created_at,
        u1_0.email,
        u1_0.name,
        u1_0.password_hash,
        u1_0.phone,
        u1_0.role,
        u1_0.security_answer,
        u1_0.security_question,
        u1_0.updated_at 
    from
        users u1_0 
    where
        u1_0.user_id=?
2026-03-02 14:57:01 DEBUG SQL - 
    select
        s1_0.seller_id,
        s1_0.address,
        s1_0.business_name,
        s1_0.created_at,
        s1_0.gst_number,
        s1_0.total_revenue,
        s1_0.user_id 
    from
        sellers s1_0 
    where
        s1_0.user_id=?
2026-03-02 14:57:01 DEBUG SQL - 
    select
        u1_0.user_id,
        u1_0.created_at,
        u1_0.email,
        u1_0.name,
        u1_0.password_hash,
        u1_0.phone,
        u1_0.role,
        u1_0.security_answer,
        u1_0.security_question,
        u1_0.updated_at 
    from
        users u1_0 
    where
        u1_0.user_id=?
2026-03-02 14:57:01 DEBUG SQL - 
    select
        s1_0.seller_id,
        s1_0.address,
        s1_0.business_name,
        s1_0.created_at,
        s1_0.gst_number,
        s1_0.total_revenue,
        s1_0.user_id 
    from
        sellers s1_0 
    where
        s1_0.user_id=?
2026-03-02 14:57:01 DEBUG SQL - 
    select
        u1_0.user_id,
        u1_0.created_at,
        u1_0.email,
        u1_0.name,
        u1_0.password_hash,
        u1_0.phone,
        u1_0.role,
        u1_0.security_answer,
        u1_0.security_question,
        u1_0.updated_at 
    from
        users u1_0 
    where
        u1_0.user_id=?
2026-03-02 14:57:01 DEBUG SQL - 
    select
        s1_0.seller_id,
        s1_0.address,
        s1_0.business_name,
        s1_0.created_at,
        s1_0.gst_number,
        s1_0.total_revenue,
        s1_0.user_id 
    from
        sellers s1_0 
    where
        s1_0.user_id=?
2026-03-02 14:57:01 DEBUG SQL - 
    select
        u1_0.user_id,
        u1_0.created_at,
        u1_0.email,
        u1_0.name,
        u1_0.password_hash,
        u1_0.phone,
        u1_0.role,
        u1_0.security_answer,
        u1_0.security_question,
        u1_0.updated_at 
    from
        users u1_0 
    where
        u1_0.user_id=?
2026-03-02 14:57:01 ERROR GlobalExceptionHandler - Internal server error: 
org.springframework.web.servlet.resource.NoResourceFoundException: No static resource api/seller/orders.
	at org.springframework.web.servlet.resource.ResourceHttpRequestHandler.handleRequest(ResourceHttpRequestHandler.java:585) ~[spring-webmvc-6.1.14.jar:6.1.14]
	at org.springframework.web.servlet.mvc.HttpRequestHandlerAdapter.handle(HttpRequestHandlerAdapter.java:52) ~[spring-webmvc-6.1.14.jar:6.1.14]
	at org.springframework.web.servlet.DispatcherServlet.doDispatch(DispatcherServlet.java:1089) ~[spring-webmvc-6.1.14.jar:6.1.14]
	at org.springframework.web.servlet.DispatcherServlet.doService(DispatcherServlet.java:979) ~[spring-webmvc-6.1.14.jar:6.1.14]
	at org.springframework.web.servlet.FrameworkServlet.processRequest(FrameworkServlet.java:1014) ~[spring-webmvc-6.1.14.jar:6.1.14]
	at org.springframework.web.servlet.FrameworkServlet.doGet(FrameworkServlet.java:903) ~[spring-webmvc-6.1.14.jar:6.1.14]
	at jakarta.servlet.http.HttpServlet.service(HttpServlet.java:564) ~[tomcat-embed-core-10.1.31.jar:6.0]
	at org.springframework.web.servlet.FrameworkServlet.service(FrameworkServlet.java:885) ~[spring-webmvc-6.1.14.jar:6.1.14]
	at org.springframework.test.web.servlet.TestDispatcherServlet.service(TestDispatcherServlet.java:72) ~[spring-test-6.1.14.jar:6.1.14]
	at jakarta.servlet.http.HttpServlet.service(HttpServlet.java:658) ~[tomcat-embed-core-10.1.31.jar:6.0]
	at org.springframework.mock.web.MockFilterChain$ServletFilterProxy.doFilter(MockFilterChain.java:165) ~[spring-test-6.1.14.jar:6.1.14]
	at org.springframework.mock.web.MockFilterChain.doFilter(MockFilterChain.java:132) ~[spring-test-6.1.14.jar:6.1.14]
	at org.springframework.web.filter.OncePerRequestFilter.doFilter(OncePerRequestFilter.java:110) ~[spring-web-6.1.14.jar:6.1.14]
	at org.springframework.test.web.servlet.setup.MockMvcFilterDecorator.doFilter(MockMvcFilterDecorator.java:151) ~[spring-test-6.1.14.jar:6.1.14]
	at org.springframework.mock.web.MockFilterChain.doFilter(MockFilterChain.java:132) ~[spring-test-6.1.14.jar:6.1.14]
	at org.springframework.web.filter.CompositeFilter$VirtualFilterChain.doFilter(CompositeFilter.java:108) ~[spring-web-6.1.14.jar:6.1.14]
	at org.springframework.security.web.FilterChainProxy.lambda$doFilterInternal$3(FilterChainProxy.java:231) ~[spring-security-web-6.3.4.jar:6.3.4]
	at org.springframework.security.web.FilterChainProxy$VirtualFilterChain.doFilter(FilterChainProxy.java:365) ~[spring-security-web-6.3.4.jar:6.3.4]
	at org.springframework.security.web.access.intercept.AuthorizationFilter.doFilter(AuthorizationFilter.java:100) ~[spring-security-web-6.3.4.jar:6.3.4]
	at org.springframework.security.web.FilterChainProxy$VirtualFilterChain.doFilter(FilterChainProxy.java:374) ~[spring-security-web-6.3.4.jar:6.3.4]
	at org.springframework.security.web.access.ExceptionTranslationFilter.doFilter(ExceptionTranslationFilter.java:126) ~[spring-security-web-6.3.4.jar:6.3.4]
	at org.springframework.security.web.access.ExceptionTranslationFilter.doFilter(ExceptionTranslationFilter.java:120) ~[spring-security-web-6.3.4.jar:6.3.4]
	at org.springframework.security.web.FilterChainProxy$VirtualFilterChain.doFilter(FilterChainProxy.java:374) ~[spring-security-web-6.3.4.jar:6.3.4]
	at org.springframework.security.web.session.SessionManagementFilter.doFilter(SessionManagementFilter.java:131) ~[spring-security-web-6.3.4.jar:6.3.4]
	at org.springframework.security.web.session.SessionManagementFilter.doFilter(SessionManagementFilter.java:85) ~[spring-security-web-6.3.4.jar:6.3.4]
	at org.springframework.security.web.FilterChainProxy$VirtualFilterChain.doFilter(FilterChainProxy.java:374) ~[spring-security-web-6.3.4.jar:6.3.4]
	at org.springframework.security.web.authentication.AnonymousAuthenticationFilter.doFilter(AnonymousAuthenticationFilter.java:100) ~[spring-security-web-6.3.4.jar:6.3.4]
	at org.springframework.security.web.FilterChainProxy$VirtualFilterChain.doFilter(FilterChainProxy.java:374) ~[spring-security-web-6.3.4.jar:6.3.4]
	at org.springframework.security.web.servletapi.SecurityContextHolderAwareRequestFilter.doFilter(SecurityContextHolderAwareRequestFilter.java:179) ~[spring-security-web-6.3.4.jar:6.3.4]
	at org.springframework.security.web.FilterChainProxy$VirtualFilterChain.doFilter(FilterChainProxy.java:374) ~[spring-security-web-6.3.4.jar:6.3.4]
	at org.springframework.security.web.savedrequest.RequestCacheAwareFilter.doFilter(RequestCacheAwareFilter.java:63) ~[spring-security-web-6.3.4.jar:6.3.4]
	at org.springframework.security.web.FilterChainProxy$VirtualFilterChain.doFilter(FilterChainProxy.java:374) ~[spring-security-web-6.3.4.jar:6.3.4]
	at com.rev.app.config.JwtFilter.doFilterInternal(JwtFilter.java:42) ~[classes/:?]
	at org.springframework.web.filter.OncePerRequestFilter.doFilter(OncePerRequestFilter.java:116) ~[spring-web-6.1.14.jar:6.1.14]
	at org.springframework.security.web.FilterChainProxy$VirtualFilterChain.doFilter(FilterChainProxy.java:374) ~[spring-security-web-6.3.4.jar:6.3.4]
	at org.springframework.security.web.authentication.logout.LogoutFilter.doFilter(LogoutFilter.java:107) ~[spring-security-web-6.3.4.jar:6.3.4]
	at org.springframework.security.web.authentication.logout.LogoutFilter.doFilter(LogoutFilter.java:93) ~[spring-security-web-6.3.4.jar:6.3.4]
	at org.springframework.security.web.FilterChainProxy$VirtualFilterChain.doFilter(FilterChainProxy.java:374) ~[spring-security-web-6.3.4.jar:6.3.4]
	at org.springframework.security.web.header.HeaderWriterFilter.doHeadersAfter(HeaderWriterFilter.java:90) ~[spring-security-web-6.3.4.jar:6.3.4]
	at org.springframework.security.web.header.HeaderWriterFilter.doFilterInternal(HeaderWriterFilter.java:75) ~[spring-security-web-6.3.4.jar:6.3.4]
	at org.springframework.web.filter.OncePerRequestFilter.doFilter(OncePerRequestFilter.java:116) ~[spring-web-6.1.14.jar:6.1.14]
	at org.springframework.security.web.FilterChainProxy$VirtualFilterChain.doFilter(FilterChainProxy.java:374) ~[spring-security-web-6.3.4.jar:6.3.4]
	at org.springframework.security.web.context.SecurityContextHolderFilter.doFilter(SecurityContextHolderFilter.java:82) ~[spring-security-web-6.3.4.jar:6.3.4]
	at org.springframework.security.web.context.SecurityContextHolderFilter.doFilter(SecurityContextHolderFilter.java:69) ~[spring-security-web-6.3.4.jar:6.3.4]
	at org.springframework.security.web.FilterChainProxy$VirtualFilterChain.doFilter(FilterChainProxy.java:374) ~[spring-security-web-6.3.4.jar:6.3.4]
	at org.springframework.security.web.context.request.async.WebAsyncManagerIntegrationFilter.doFilterInternal(WebAsyncManagerIntegrationFilter.java:62) ~[spring-security-web-6.3.4.jar:6.3.4]
	at org.springframework.web.filter.OncePerRequestFilter.doFilter(OncePerRequestFilter.java:116) ~[spring-web-6.1.14.jar:6.1.14]
	at org.springframework.security.web.FilterChainProxy$VirtualFilterChain.doFilter(FilterChainProxy.java:374) ~[spring-security-web-6.3.4.jar:6.3.4]
	at org.springframework.security.web.session.DisableEncodeUrlFilter.doFilterInternal(DisableEncodeUrlFilter.java:42) ~[spring-security-web-6.3.4.jar:6.3.4]
	at org.springframework.web.filter.OncePerRequestFilter.doFilter(OncePerRequestFilter.java:116) ~[spring-web-6.1.14.jar:6.1.14]
	at org.springframework.security.web.FilterChainProxy$VirtualFilterChain.doFilter(FilterChainProxy.java:374) ~[spring-security-web-6.3.4.jar:6.3.4]
	at org.springframework.security.web.FilterChainProxy.doFilterInternal(FilterChainProxy.java:233) ~[spring-security-web-6.3.4.jar:6.3.4]
	at org.springframework.security.web.FilterChainProxy.doFilter(FilterChainProxy.java:191) ~[spring-security-web-6.3.4.jar:6.3.4]
	at org.springframework.web.filter.CompositeFilter$VirtualFilterChain.doFilter(CompositeFilter.java:113) ~[spring-web-6.1.14.jar:6.1.14]
	at org.springframework.web.servlet.handler.HandlerMappingIntrospector.lambda$createCacheFilter$3(HandlerMappingIntrospector.java:195) ~[spring-webmvc-6.1.14.jar:6.1.14]
	at org.springframework.web.filter.CompositeFilter$VirtualFilterChain.doFilter(CompositeFilter.java:113) ~[spring-web-6.1.14.jar:6.1.14]
	at org.springframework.web.filter.CompositeFilter.doFilter(CompositeFilter.java:74) ~[spring-web-6.1.14.jar:6.1.14]
	at org.springframework.security.config.annotation.web.configuration.WebMvcSecurityConfiguration$CompositeFilterChainProxy.doFilter(WebMvcSecurityConfiguration.java:230) ~[spring-security-config-6.3.4.jar:6.3.4]
	at org.springframework.web.filter.DelegatingFilterProxy.invokeDelegate(DelegatingFilterProxy.java:362) ~[spring-web-6.1.14.jar:6.1.14]
	at org.springframework.web.filter.DelegatingFilterProxy.doFilter(DelegatingFilterProxy.java:278) ~[spring-web-6.1.14.jar:6.1.14]
	at org.springframework.test.web.servlet.setup.MockMvcFilterDecorator.doFilter(MockMvcFilterDecorator.java:151) ~[spring-test-6.1.14.jar:6.1.14]
	at org.springframework.mock.web.MockFilterChain.doFilter(MockFilterChain.java:132) ~[spring-test-6.1.14.jar:6.1.14]
	at org.springframework.web.filter.RequestContextFilter.doFilterInternal(RequestContextFilter.java:100) ~[spring-web-6.1.14.jar:6.1.14]
	at org.springframework.web.filter.OncePerRequestFilter.doFilter(OncePerRequestFilter.java:116) ~[spring-web-6.1.14.jar:6.1.14]
	at org.springframework.test.web.servlet.setup.MockMvcFilterDecorator.doFilter(MockMvcFilterDecorator.java:151) ~[spring-test-6.1.14.jar:6.1.14]
	at org.springframework.mock.web.MockFilterChain.doFilter(MockFilterChain.java:132) ~[spring-test-6.1.14.jar:6.1.14]
	at org.springframework.web.filter.FormContentFilter.doFilterInternal(FormContentFilter.java:93) ~[spring-web-6.1.14.jar:6.1.14]
	at org.springframework.web.filter.OncePerRequestFilter.doFilter(OncePerRequestFilter.java:116) ~[spring-web-6.1.14.jar:6.1.14]
	at org.springframework.test.web.servlet.setup.MockMvcFilterDecorator.doFilter(MockMvcFilterDecorator.java:151) ~[spring-test-6.1.14.jar:6.1.14]
	at org.springframework.mock.web.MockFilterChain.doFilter(MockFilterChain.java:132) ~[spring-test-6.1.14.jar:6.1.14]
	at org.springframework.web.filter.CharacterEncodingFilter.doFilterInternal(CharacterEncodingFilter.java:201) ~[spring-web-6.1.14.jar:6.1.14]
	at org.springframework.web.filter.OncePerRequestFilter.doFilter(OncePerRequestFilter.java:116) ~[spring-web-6.1.14.jar:6.1.14]
	at org.springframework.test.web.servlet.setup.MockMvcFilterDecorator.doFilter(MockMvcFilterDecorator.java:151) ~[spring-test-6.1.14.jar:6.1.14]
	at org.springframework.mock.web.MockFilterChain.doFilter(MockFilterChain.java:132) ~[spring-test-6.1.14.jar:6.1.14]
	at org.springframework.test.web.servlet.MockMvc.perform(MockMvc.java:201) ~[spring-test-6.1.14.jar:6.1.14]
	at com.rev.app.controller.JwtSecurityTest.givenValidRole_whenCallProtectedApi_thenOkOrServerError(JwtSecurityTest.java:35) ~[test-classes/:?]
	at java.base/jdk.internal.reflect.DirectMethodHandleAccessor.invoke(DirectMethodHandleAccessor.java:103) ~[?:?]
	at java.base/java.lang.reflect.Method.invoke(Method.java:580) ~[?:?]
	at org.junit.platform.commons.util.ReflectionUtils.invokeMethod(ReflectionUtils.java:728) ~[junit-platform-commons-1.10.5.jar:1.10.5]
	at org.junit.jupiter.engine.execution.MethodInvocation.proceed(MethodInvocation.java:60) ~[junit-jupiter-engine-5.10.5.jar:5.10.5]
	at org.junit.jupiter.engine.execution.InvocationInterceptorChain$ValidatingInvocation.proceed(InvocationInterceptorChain.java:131) ~[junit-jupiter-engine-5.10.5.jar:5.10.5]
	at org.junit.jupiter.engine.extension.TimeoutExtension.intercept(TimeoutExtension.java:156) ~[junit-jupiter-engine-5.10.5.jar:5.10.5]
	at org.junit.jupiter.engine.extension.TimeoutExtension.interceptTestableMethod(TimeoutExtension.java:147) ~[junit-jupiter-engine-5.10.5.jar:5.10.5]
	at org.junit.jupiter.engine.extension.TimeoutExtension.interceptTestMethod(TimeoutExtension.java:86) ~[junit-jupiter-engine-5.10.5.jar:5.10.5]
	at org.junit.jupiter.engine.execution.InterceptingExecutableInvoker$ReflectiveInterceptorCall.lambda$ofVoidMethod$0(InterceptingExecutableInvoker.java:103) ~[junit-jupiter-engine-5.10.5.jar:5.10.5]
	at org.junit.jupiter.engine.execution.InterceptingExecutableInvoker.lambda$invoke$0(InterceptingExecutableInvoker.java:93) ~[junit-jupiter-engine-5.10.5.jar:5.10.5]
	at org.junit.jupiter.engine.execution.InvocationInterceptorChain$InterceptedInvocation.proceed(InvocationInterceptorChain.java:106) ~[junit-jupiter-engine-5.10.5.jar:5.10.5]
	at org.junit.jupiter.engine.execution.InvocationInterceptorChain.proceed(InvocationInterceptorChain.java:64) ~[junit-jupiter-engine-5.10.5.jar:5.10.5]
	at org.junit.jupiter.engine.execution.InvocationInterceptorChain.chainAndInvoke(InvocationInterceptorChain.java:45) ~[junit-jupiter-engine-5.10.5.jar:5.10.5]
	at org.junit.jupiter.engine.execution.InvocationInterceptorChain.invoke(InvocationInterceptorChain.java:37) ~[junit-jupiter-engine-5.10.5.jar:5.10.5]
	at org.junit.jupiter.engine.execution.InterceptingExecutableInvoker.invoke(InterceptingExecutableInvoker.java:92) ~[junit-jupiter-engine-5.10.5.jar:5.10.5]
	at org.junit.jupiter.engine.execution.InterceptingExecutableInvoker.invoke(InterceptingExecutableInvoker.java:86) ~[junit-jupiter-engine-5.10.5.jar:5.10.5]
	at org.junit.jupiter.engine.descriptor.TestMethodTestDescriptor.lambda$invokeTestMethod$7(TestMethodTestDescriptor.java:218) ~[junit-jupiter-engine-5.10.5.jar:5.10.5]
	at org.junit.platform.engine.support.hierarchical.ThrowableCollector.execute(ThrowableCollector.java:73) ~[junit-platform-engine-1.10.5.jar:1.10.5]
	at org.junit.jupiter.engine.descriptor.TestMethodTestDescriptor.invokeTestMethod(TestMethodTestDescriptor.java:214) ~[junit-jupiter-engine-5.10.5.jar:5.10.5]
	at org.junit.jupiter.engine.descriptor.TestMethodTestDescriptor.execute(TestMethodTestDescriptor.java:139) ~[junit-jupiter-engine-5.10.5.jar:5.10.5]
	at org.junit.jupiter.engine.descriptor.TestMethodTestDescriptor.execute(TestMethodTestDescriptor.java:69) ~[junit-jupiter-engine-5.10.5.jar:5.10.5]
	at org.junit.platform.engine.support.hierarchical.NodeTestTask.lambda$executeRecursively$6(NodeTestTask.java:156) ~[junit-platform-engine-1.10.5.jar:1.10.5]
	at org.junit.platform.engine.support.hierarchical.ThrowableCollector.execute(ThrowableCollector.java:73) ~[junit-platform-engine-1.10.5.jar:1.10.5]
	at org.junit.platform.engine.support.hierarchical.NodeTestTask.lambda$executeRecursively$8(NodeTestTask.java:146) ~[junit-platform-engine-1.10.5.jar:1.10.5]
	at org.junit.platform.engine.support.hierarchical.Node.around(Node.java:137) ~[junit-platform-engine-1.10.5.jar:1.10.5]
	at org.junit.platform.engine.support.hierarchical.NodeTestTask.lambda$executeRecursively$9(NodeTestTask.java:144) ~[junit-platform-engine-1.10.5.jar:1.10.5]
	at org.junit.platform.engine.support.hierarchical.ThrowableCollector.execute(ThrowableCollector.java:73) ~[junit-platform-engine-1.10.5.jar:1.10.5]
	at org.junit.platform.engine.support.hierarchical.NodeTestTask.executeRecursively(NodeTestTask.java:143) ~[junit-platform-engine-1.10.5.jar:1.10.5]
	at org.junit.platform.engine.support.hierarchical.NodeTestTask.execute(NodeTestTask.java:100) ~[junit-platform-engine-1.10.5.jar:1.10.5]
	at java.base/java.util.ArrayList.forEach(ArrayList.java:1597) ~[?:?]
	at org.junit.platform.engine.support.hierarchical.SameThreadHierarchicalTestExecutorService.invokeAll(SameThreadHierarchicalTestExecutorService.java:41) ~[junit-platform-engine-1.10.5.jar:1.10.5]
	at org.junit.platform.engine.support.hierarchical.NodeTestTask.lambda$executeRecursively$6(NodeTestTask.java:160) ~[junit-platform-engine-1.10.5.jar:1.10.5]
	at org.junit.platform.engine.support.hierarchical.ThrowableCollector.execute(ThrowableCollector.java:73) ~[junit-platform-engine-1.10.5.jar:1.10.5]
	at org.junit.platform.engine.support.hierarchical.NodeTestTask.lambda$executeRecursively$8(NodeTestTask.java:146) ~[junit-platform-engine-1.10.5.jar:1.10.5]
	at org.junit.platform.engine.support.hierarchical.Node.around(Node.java:137) ~[junit-platform-engine-1.10.5.jar:1.10.5]
	at org.junit.platform.engine.support.hierarchical.NodeTestTask.lambda$executeRecursively$9(NodeTestTask.java:144) ~[junit-platform-engine-1.10.5.jar:1.10.5]
	at org.junit.platform.engine.support.hierarchical.ThrowableCollector.execute(ThrowableCollector.java:73) ~[junit-platform-engine-1.10.5.jar:1.10.5]
	at org.junit.platform.engine.support.hierarchical.NodeTestTask.executeRecursively(NodeTestTask.java:143) ~[junit-platform-engine-1.10.5.jar:1.10.5]
	at org.junit.platform.engine.support.hierarchical.NodeTestTask.execute(NodeTestTask.java:100) ~[junit-platform-engine-1.10.5.jar:1.10.5]
	at java.base/java.util.ArrayList.forEach(ArrayList.java:1597) ~[?:?]
	at org.junit.platform.engine.support.hierarchical.SameThreadHierarchicalTestExecutorService.invokeAll(SameThreadHierarchicalTestExecutorService.java:41) ~[junit-platform-engine-1.10.5.jar:1.10.5]
	at org.junit.platform.engine.support.hierarchical.NodeTestTask.lambda$executeRecursively$6(NodeTestTask.java:160) ~[junit-platform-engine-1.10.5.jar:1.10.5]
	at org.junit.platform.engine.support.hierarchical.ThrowableCollector.execute(ThrowableCollector.java:73) ~[junit-platform-engine-1.10.5.jar:1.10.5]
	at org.junit.platform.engine.support.hierarchical.NodeTestTask.lambda$executeRecursively$8(NodeTestTask.java:146) ~[junit-platform-engine-1.10.5.jar:1.10.5]
	at org.junit.platform.engine.support.hierarchical.Node.around(Node.java:137) ~[junit-platform-engine-1.10.5.jar:1.10.5]
	at org.junit.platform.engine.support.hierarchical.NodeTestTask.lambda$executeRecursively$9(NodeTestTask.java:144) ~[junit-platform-engine-1.10.5.jar:1.10.5]
	at org.junit.platform.engine.support.hierarchical.ThrowableCollector.execute(ThrowableCollector.java:73) ~[junit-platform-engine-1.10.5.jar:1.10.5]
	at org.junit.platform.engine.support.hierarchical.NodeTestTask.executeRecursively(NodeTestTask.java:143) ~[junit-platform-engine-1.10.5.jar:1.10.5]
	at org.junit.platform.engine.support.hierarchical.NodeTestTask.execute(NodeTestTask.java:100) ~[junit-platform-engine-1.10.5.jar:1.10.5]
	at org.junit.platform.engine.support.hierarchical.SameThreadHierarchicalTestExecutorService.submit(SameThreadHierarchicalTestExecutorService.java:35) ~[junit-platform-engine-1.10.5.jar:1.10.5]
	at org.junit.platform.engine.support.hierarchical.HierarchicalTestExecutor.execute(HierarchicalTestExecutor.java:57) ~[junit-platform-engine-1.10.5.jar:1.10.5]
	at org.junit.platform.engine.support.hierarchical.HierarchicalTestEngine.execute(HierarchicalTestEngine.java:54) ~[junit-platform-engine-1.10.5.jar:1.10.5]
	at org.junit.platform.launcher.core.EngineExecutionOrchestrator.execute(EngineExecutionOrchestrator.java:198) ~[junit-platform-launcher-1.10.5.jar:1.10.5]
	at org.junit.platform.launcher.core.EngineExecutionOrchestrator.execute(EngineExecutionOrchestrator.java:169) ~[junit-platform-launcher-1.10.5.jar:1.10.5]
	at org.junit.platform.launcher.core.EngineExecutionOrchestrator.execute(EngineExecutionOrchestrator.java:93) ~[junit-platform-launcher-1.10.5.jar:1.10.5]
	at org.junit.platform.launcher.core.EngineExecutionOrchestrator.execute(EngineExecutionOrchestrator.java:76) ~[junit-platform-launcher-1.10.5.jar:1.10.5]
	at org.junit.platform.suite.engine.SuiteLauncher.execute(SuiteLauncher.java:63) ~[junit-platform-suite-engine-1.10.5.jar:1.10.5]
	at org.junit.platform.suite.engine.SuiteTestDescriptor.execute(SuiteTestDescriptor.java:129) ~[junit-platform-suite-engine-1.10.5.jar:1.10.5]
	at org.junit.platform.suite.engine.SuiteTestEngine.lambda$execute$0(SuiteTestEngine.java:73) ~[junit-platform-suite-engine-1.10.5.jar:1.10.5]
	at java.base/java.util.stream.ForEachOps$ForEachOp$OfRef.accept(ForEachOps.java:184) ~[?:?]
	at java.base/java.util.stream.ReferencePipeline$3$1.accept(ReferencePipeline.java:215) ~[?:?]
	at java.base/java.util.Iterator.forEachRemaining(Iterator.java:133) ~[?:?]
	at java.base/java.util.Spliterators$IteratorSpliterator.forEachRemaining(Spliterators.java:1939) ~[?:?]
	at java.base/java.util.stream.AbstractPipeline.copyInto(AbstractPipeline.java:570) ~[?:?]
	at java.base/java.util.stream.AbstractPipeline.wrapAndCopyInto(AbstractPipeline.java:560) ~[?:?]
	at java.base/java.util.stream.ForEachOps$ForEachOp.evaluateSequential(ForEachOps.java:151) ~[?:?]
	at java.base/java.util.stream.ForEachOps$ForEachOp$OfRef.evaluateSequential(ForEachOps.java:174) ~[?:?]
	at java.base/java.util.stream.AbstractPipeline.evaluate(AbstractPipeline.java:265) ~[?:?]
	at java.base/java.util.stream.ReferencePipeline.forEach(ReferencePipeline.java:636) ~[?:?]
	at org.junit.platform.suite.engine.SuiteTestEngine.execute(SuiteTestEngine.java:73) ~[junit-platform-suite-engine-1.10.5.jar:1.10.5]
	at org.junit.platform.launcher.core.EngineExecutionOrchestrator.execute(EngineExecutionOrchestrator.java:198) ~[junit-platform-launcher-1.10.5.jar:1.10.5]
	at org.junit.platform.launcher.core.EngineExecutionOrchestrator.execute(EngineExecutionOrchestrator.java:169) ~[junit-platform-launcher-1.10.5.jar:1.10.5]
	at org.junit.platform.launcher.core.EngineExecutionOrchestrator.execute(EngineExecutionOrchestrator.java:93) ~[junit-platform-launcher-1.10.5.jar:1.10.5]
	at org.junit.platform.launcher.core.EngineExecutionOrchestrator.lambda$execute$0(EngineExecutionOrchestrator.java:58) ~[junit-platform-launcher-1.10.5.jar:1.10.5]
	at org.junit.platform.launcher.core.EngineExecutionOrchestrator.withInterceptedStreams(EngineExecutionOrchestrator.java:141) [junit-platform-launcher-1.10.5.jar:1.10.5]
	at org.junit.platform.launcher.core.EngineExecutionOrchestrator.execute(EngineExecutionOrchestrator.java:57) [junit-platform-launcher-1.10.5.jar:1.10.5]
	at org.junit.platform.launcher.core.DefaultLauncher.execute(DefaultLauncher.java:103) [junit-platform-launcher-1.10.5.jar:1.10.5]
	at org.junit.platform.launcher.core.DefaultLauncher.execute(DefaultLauncher.java:85) [junit-platform-launcher-1.10.5.jar:1.10.5]
	at org.junit.platform.launcher.core.DelegatingLauncher.execute(DelegatingLauncher.java:47) [junit-platform-launcher-1.10.5.jar:1.10.5]
	at org.junit.platform.launcher.core.SessionPerRequestLauncher.execute(SessionPerRequestLauncher.java:63) [junit-platform-launcher-1.10.5.jar:1.10.5]
	at com.intellij.junit5.JUnit5IdeaTestRunner.startRunnerWithArgs(JUnit5IdeaTestRunner.java:66) [junit5-rt.jar:?]
	at com.intellij.rt.junit.IdeaTestRunner$Repeater$1.execute(IdeaTestRunner.java:38) [junit-rt.jar:?]
	at com.intellij.rt.execution.junit.TestsRepeater.repeat(TestsRepeater.java:11) [idea_rt.jar:?]
	at com.intellij.rt.junit.IdeaTestRunner$Repeater.startRunnerWithArgs(IdeaTestRunner.java:35) [junit-rt.jar:?]
	at com.intellij.rt.junit.JUnitStarter.prepareStreamsAndStart(JUnitStarter.java:237) [junit-rt.jar:?]
	at com.intellij.rt.junit.JUnitStarter.main(JUnitStarter.java:58) [junit-rt.jar:?]
2026-03-02 14:57:01 INFO  FavoriteServiceImpl - Favorite removed: User ID: 1, Product ID: 10
2026-03-02 14:57:01 INFO  FavoriteServiceImpl - Favorite added: User ID: 1, Product ID: 10
2026-03-02 14:57:01 INFO  PaymentServiceImpl - Payment processed successfully for Order ID: 1 with method: CREDIT_CARD. Amount: 100.00
2026-03-02 14:57:01 WARN  PaymentServiceImpl - Payment attempt with mismatched amount. Order ID: 1, Request Amount: 50.00, Order Amount: 100.00
2026-03-02 14:57:01 INFO  ReviewServiceImpl - Review added: ID: null, User: 1, Product: 10, Rating: 5
2026-03-02 14:57:01 INFO  ReviewServiceImpl - Review deleted: ID: 100 by User ID: 1
2026-03-02 14:57:01 INFO  LocalContainerEntityManagerFactoryBean - Closing JPA EntityManagerFactory for persistence unit 'default'
2026-03-02 14:57:01 DEBUG SQL - 
    drop table if exists addresses cascade 
2026-03-02 14:57:01 DEBUG SQL - 
    drop table if exists cart_items cascade 
2026-03-02 14:57:01 DEBUG SQL - 
    drop table if exists carts cascade 
2026-03-02 14:57:01 DEBUG SQL - 
    drop table if exists categories cascade 
2026-03-02 14:57:01 DEBUG SQL - 
    drop table if exists favorites cascade 
2026-03-02 14:57:01 DEBUG SQL - 
    drop table if exists notifications cascade 
2026-03-02 14:57:01 DEBUG SQL - 
    drop table if exists order_items cascade 
2026-03-02 14:57:01 DEBUG SQL - 
    drop table if exists order_status_history cascade 
2026-03-02 14:57:01 DEBUG SQL - 
    drop table if exists orders cascade 
2026-03-02 14:57:01 DEBUG SQL - 
    drop table if exists password_recovery cascade 
2026-03-02 14:57:01 DEBUG SQL - 
    drop table if exists payments cascade 
2026-03-02 14:57:01 DEBUG SQL - 
    drop table if exists products cascade 
2026-03-02 14:57:01 DEBUG SQL - 
    drop table if exists reviews cascade 
2026-03-02 14:57:01 DEBUG SQL - 
    drop table if exists sellers cascade 
2026-03-02 14:57:01 DEBUG SQL - 
    drop table if exists users cascade 
2026-03-02 14:57:01 INFO  LocalContainerEntityManagerFactoryBean - Closing JPA EntityManagerFactory for persistence unit 'default'
2026-03-02 14:57:01 INFO  HikariDataSource - HikariPool-1 - Shutdown initiated...
2026-03-02 14:57:01 INFO  HikariDataSource - HikariPool-1 - Shutdown completed.
